2019-05-31 16:45:43 [main] INFO  cn.leafw.admin.web.LeafwAdminApplication:logStarting [StartupInfoLogger.java:50] - Starting LeafwAdminApplication on CareyWYRdeMacBook-Pro.local with PID 84944 (/Users/carey/Documents/workspace/learning/leafw-admin/web/target/classes started by carey in /Users/carey/Documents/workspace/learning/leafw-admin)
2019-05-31 16:45:43 [main] INFO  cn.leafw.admin.web.LeafwAdminApplication:logStartupProfileInfo [SpringApplication.java:675] - No active profile set, falling back to default profiles: default
2019-05-31 16:45:44 [main] INFO  org.springframework.data.repository.config.RepositoryConfigurationDelegate:multipleStoresDetected [RepositoryConfigurationDelegate.java:244] - Multiple Spring Data modules found, entering strict repository configuration mode!
2019-05-31 16:45:44 [main] INFO  org.springframework.data.repository.config.RepositoryConfigurationDelegate:registerRepositoriesIn [RepositoryConfigurationDelegate.java:126] - Bootstrapping Spring Data repositories in DEFAULT mode.
2019-05-31 16:45:44 [main] INFO  org.springframework.data.repository.config.RepositoryConfigurationDelegate:registerRepositoriesIn [RepositoryConfigurationDelegate.java:182] - Finished Spring Data repository scanning in 11ms. Found 0 repository interfaces.
2019-05-31 16:45:44 [main] INFO  org.springframework.context.support.PostProcessorRegistrationDelegate$BeanPostProcessorChecker:postProcessAfterInitialization [PostProcessorRegistrationDelegate.java:330] - Bean 'org.springframework.transaction.annotation.ProxyTransactionManagementConfiguration' of type [org.springframework.transaction.annotation.ProxyTransactionManagementConfiguration$$EnhancerBySpringCGLIB$$23db04f7] is not eligible for getting processed by all BeanPostProcessors (for example: not eligible for auto-proxying)
2019-05-31 16:45:44 [main] INFO  org.springframework.boot.web.embedded.tomcat.TomcatWebServer:initialize [TomcatWebServer.java:90] - Tomcat initialized with port(s): 8090 (http)
2019-05-31 16:45:44 [main] INFO  org.apache.coyote.http11.Http11NioProtocol:log [DirectJDKLog.java:173] - Initializing ProtocolHandler ["http-nio-8090"]
2019-05-31 16:45:44 [main] INFO  org.apache.catalina.core.StandardService:log [DirectJDKLog.java:173] - Starting service [Tomcat]
2019-05-31 16:45:44 [main] INFO  org.apache.catalina.core.StandardEngine:log [DirectJDKLog.java:173] - Starting Servlet engine: [Apache Tomcat/9.0.19]
2019-05-31 16:45:44 [main] INFO  org.apache.catalina.core.ContainerBase.[Tomcat].[localhost].[/]:log [DirectJDKLog.java:173] - Initializing Spring embedded WebApplicationContext
2019-05-31 16:45:44 [main] INFO  org.springframework.web.context.ContextLoader:prepareWebApplicationContext [ServletWebServerApplicationContext.java:296] - Root WebApplicationContext: initialization completed in 1204 ms
2019-05-31 16:45:44 [main] INFO  com.zaxxer.hikari.HikariDataSource:getConnection [HikariDataSource.java:110] - HikariPool-1 - Starting...
2019-05-31 16:45:45 [main] INFO  com.zaxxer.hikari.HikariDataSource:getConnection [HikariDataSource.java:123] - HikariPool-1 - Start completed.
2019-05-31 16:45:45 [main] INFO  org.springframework.scheduling.concurrent.ThreadPoolTaskExecutor:initialize [ExecutorConfigurationSupport.java:171] - Initializing ExecutorService 'applicationTaskExecutor'
2019-05-31 16:45:46 [main] INFO  org.springframework.security.web.DefaultSecurityFilterChain:<init> [DefaultSecurityFilterChain.java:43] - Creating filter chain: any request, [org.springframework.security.web.context.request.async.WebAsyncManagerIntegrationFilter@72a3462f, org.springframework.security.web.context.SecurityContextPersistenceFilter@1de85972, org.springframework.security.web.header.HeaderWriterFilter@4a122e68, org.springframework.security.web.csrf.CsrfFilter@57f0bfc3, org.springframework.security.web.authentication.logout.LogoutFilter@4bf8b77, org.springframework.security.web.authentication.UsernamePasswordAuthenticationFilter@318e3942, org.springframework.security.web.authentication.ui.DefaultLoginPageGeneratingFilter@65af05b2, org.springframework.security.web.authentication.ui.DefaultLogoutPageGeneratingFilter@4ffa7041, org.springframework.security.web.authentication.www.BasicAuthenticationFilter@1c18ee69, org.springframework.security.web.savedrequest.RequestCacheAwareFilter@57b1ec84, org.springframework.security.web.servletapi.SecurityContextHolderAwareRequestFilter@4a336377, org.springframework.security.web.authentication.AnonymousAuthenticationFilter@632c3f55, org.springframework.security.web.session.SessionManagementFilter@2c2a7d53, org.springframework.security.web.access.ExceptionTranslationFilter@72f3f14c, org.springframework.security.web.access.intercept.FilterSecurityInterceptor@5c4714ef]
2019-05-31 16:45:46 [main] INFO  org.apache.coyote.http11.Http11NioProtocol:log [DirectJDKLog.java:173] - Starting ProtocolHandler ["http-nio-8090"]
2019-05-31 16:45:46 [main] INFO  org.springframework.boot.web.embedded.tomcat.TomcatWebServer:start [TomcatWebServer.java:204] - Tomcat started on port(s): 8090 (http) with context path ''
2019-05-31 16:45:46 [main] INFO  cn.leafw.admin.web.LeafwAdminApplication:logStarted [StartupInfoLogger.java:59] - Started LeafwAdminApplication in 3.45 seconds (JVM running for 3.965)
2019-05-31 16:45:49 [Thread-10] INFO  org.springframework.scheduling.concurrent.ThreadPoolTaskExecutor:shutdown [ExecutorConfigurationSupport.java:208] - Shutting down ExecutorService 'applicationTaskExecutor'
2019-05-31 16:45:49 [Thread-10] INFO  com.zaxxer.hikari.HikariDataSource:close [HikariDataSource.java:350] - HikariPool-1 - Shutdown initiated...
2019-05-31 16:45:49 [Thread-10] INFO  com.zaxxer.hikari.HikariDataSource:close [HikariDataSource.java:352] - HikariPool-1 - Shutdown completed.
2019-05-31 16:48:41 [main] INFO  cn.leafw.admin.web.LeafwAdminApplication:logStarting [StartupInfoLogger.java:50] - Starting LeafwAdminApplication on CareyWYRdeMacBook-Pro.local with PID 85000 (/Users/carey/Documents/workspace/learning/leafw-admin/web/target/classes started by carey in /Users/carey/Documents/workspace/learning/leafw-admin)
2019-05-31 16:48:41 [main] INFO  cn.leafw.admin.web.LeafwAdminApplication:logStartupProfileInfo [SpringApplication.java:675] - No active profile set, falling back to default profiles: default
2019-05-31 16:48:41 [main] INFO  org.springframework.data.repository.config.RepositoryConfigurationDelegate:multipleStoresDetected [RepositoryConfigurationDelegate.java:244] - Multiple Spring Data modules found, entering strict repository configuration mode!
2019-05-31 16:48:41 [main] INFO  org.springframework.data.repository.config.RepositoryConfigurationDelegate:registerRepositoriesIn [RepositoryConfigurationDelegate.java:126] - Bootstrapping Spring Data repositories in DEFAULT mode.
2019-05-31 16:48:41 [main] INFO  org.springframework.data.repository.config.RepositoryConfigurationDelegate:registerRepositoriesIn [RepositoryConfigurationDelegate.java:182] - Finished Spring Data repository scanning in 15ms. Found 0 repository interfaces.
2019-05-31 16:48:42 [main] INFO  org.springframework.context.support.PostProcessorRegistrationDelegate$BeanPostProcessorChecker:postProcessAfterInitialization [PostProcessorRegistrationDelegate.java:330] - Bean 'org.springframework.transaction.annotation.ProxyTransactionManagementConfiguration' of type [org.springframework.transaction.annotation.ProxyTransactionManagementConfiguration$$EnhancerBySpringCGLIB$$6e4f2982] is not eligible for getting processed by all BeanPostProcessors (for example: not eligible for auto-proxying)
2019-05-31 16:48:42 [main] INFO  org.springframework.boot.web.embedded.tomcat.TomcatWebServer:initialize [TomcatWebServer.java:90] - Tomcat initialized with port(s): 8090 (http)
2019-05-31 16:48:42 [main] INFO  org.apache.coyote.http11.Http11NioProtocol:log [DirectJDKLog.java:173] - Initializing ProtocolHandler ["http-nio-8090"]
2019-05-31 16:48:42 [main] INFO  org.apache.catalina.core.StandardService:log [DirectJDKLog.java:173] - Starting service [Tomcat]
2019-05-31 16:48:42 [main] INFO  org.apache.catalina.core.StandardEngine:log [DirectJDKLog.java:173] - Starting Servlet engine: [Apache Tomcat/9.0.19]
2019-05-31 16:48:42 [main] INFO  org.apache.catalina.core.ContainerBase.[Tomcat].[localhost].[/]:log [DirectJDKLog.java:173] - Initializing Spring embedded WebApplicationContext
2019-05-31 16:48:42 [main] INFO  org.springframework.web.context.ContextLoader:prepareWebApplicationContext [ServletWebServerApplicationContext.java:296] - Root WebApplicationContext: initialization completed in 1514 ms
2019-05-31 16:48:42 [main] INFO  com.zaxxer.hikari.HikariDataSource:getConnection [HikariDataSource.java:110] - HikariPool-1 - Starting...
2019-05-31 16:48:43 [main] INFO  com.zaxxer.hikari.HikariDataSource:getConnection [HikariDataSource.java:123] - HikariPool-1 - Start completed.
2019-05-31 16:48:44 [main] INFO  org.springframework.scheduling.concurrent.ThreadPoolTaskExecutor:initialize [ExecutorConfigurationSupport.java:171] - Initializing ExecutorService 'applicationTaskExecutor'
2019-05-31 16:48:44 [main] INFO  org.springframework.security.web.DefaultSecurityFilterChain:<init> [DefaultSecurityFilterChain.java:43] - Creating filter chain: any request, [org.springframework.security.web.context.request.async.WebAsyncManagerIntegrationFilter@22aefae0, org.springframework.security.web.context.SecurityContextPersistenceFilter@28fa541, org.springframework.security.web.header.HeaderWriterFilter@280ecc33, org.springframework.security.web.csrf.CsrfFilter@2c3f43d1, org.springframework.security.web.authentication.logout.LogoutFilter@c4cceb, org.springframework.security.web.authentication.UsernamePasswordAuthenticationFilter@2f99d8c, org.springframework.security.web.authentication.ui.DefaultLoginPageGeneratingFilter@19d27c27, org.springframework.security.web.authentication.ui.DefaultLogoutPageGeneratingFilter@20faaf77, org.springframework.security.web.authentication.www.BasicAuthenticationFilter@485c84d7, org.springframework.security.web.savedrequest.RequestCacheAwareFilter@4aab7195, org.springframework.security.web.servletapi.SecurityContextHolderAwareRequestFilter@604c7e9b, org.springframework.security.web.authentication.AnonymousAuthenticationFilter@7440265c, org.springframework.security.web.session.SessionManagementFilter@3c27f72, org.springframework.security.web.access.ExceptionTranslationFilter@46524ebe, org.springframework.security.web.access.intercept.FilterSecurityInterceptor@318e3942]
2019-05-31 16:48:44 [main] INFO  org.apache.coyote.http11.Http11NioProtocol:log [DirectJDKLog.java:173] - Starting ProtocolHandler ["http-nio-8090"]
2019-05-31 16:48:44 [main] INFO  org.springframework.boot.web.embedded.tomcat.TomcatWebServer:start [TomcatWebServer.java:204] - Tomcat started on port(s): 8090 (http) with context path ''
2019-05-31 16:48:44 [main] INFO  cn.leafw.admin.web.LeafwAdminApplication:logStarted [StartupInfoLogger.java:59] - Started LeafwAdminApplication in 4.226 seconds (JVM running for 4.86)
2019-05-31 16:49:02 [Thread-12] INFO  org.springframework.scheduling.concurrent.ThreadPoolTaskExecutor:shutdown [ExecutorConfigurationSupport.java:208] - Shutting down ExecutorService 'applicationTaskExecutor'
2019-05-31 16:49:02 [Thread-12] INFO  com.zaxxer.hikari.HikariDataSource:close [HikariDataSource.java:350] - HikariPool-1 - Shutdown initiated...
2019-05-31 16:49:02 [Thread-12] INFO  com.zaxxer.hikari.HikariDataSource:close [HikariDataSource.java:352] - HikariPool-1 - Shutdown completed.
2019-05-31 16:49:04 [main] INFO  cn.leafw.admin.web.LeafwAdminApplication:logStarting [StartupInfoLogger.java:50] - Starting LeafwAdminApplication on CareyWYRdeMacBook-Pro.local with PID 85011 (/Users/carey/Documents/workspace/learning/leafw-admin/web/target/classes started by carey in /Users/carey/Documents/workspace/learning/leafw-admin)
2019-05-31 16:49:04 [main] INFO  cn.leafw.admin.web.LeafwAdminApplication:logStartupProfileInfo [SpringApplication.java:675] - No active profile set, falling back to default profiles: default
2019-05-31 16:49:04 [main] INFO  org.springframework.data.repository.config.RepositoryConfigurationDelegate:multipleStoresDetected [RepositoryConfigurationDelegate.java:244] - Multiple Spring Data modules found, entering strict repository configuration mode!
2019-05-31 16:49:04 [main] INFO  org.springframework.data.repository.config.RepositoryConfigurationDelegate:registerRepositoriesIn [RepositoryConfigurationDelegate.java:126] - Bootstrapping Spring Data repositories in DEFAULT mode.
2019-05-31 16:49:04 [main] INFO  org.springframework.data.repository.config.RepositoryConfigurationDelegate:registerRepositoriesIn [RepositoryConfigurationDelegate.java:182] - Finished Spring Data repository scanning in 10ms. Found 0 repository interfaces.
2019-05-31 16:49:04 [main] INFO  org.springframework.context.support.PostProcessorRegistrationDelegate$BeanPostProcessorChecker:postProcessAfterInitialization [PostProcessorRegistrationDelegate.java:330] - Bean 'org.springframework.transaction.annotation.ProxyTransactionManagementConfiguration' of type [org.springframework.transaction.annotation.ProxyTransactionManagementConfiguration$$EnhancerBySpringCGLIB$$b9ef05c] is not eligible for getting processed by all BeanPostProcessors (for example: not eligible for auto-proxying)
2019-05-31 16:49:05 [main] INFO  org.springframework.boot.web.embedded.tomcat.TomcatWebServer:initialize [TomcatWebServer.java:90] - Tomcat initialized with port(s): 8090 (http)
2019-05-31 16:49:05 [main] INFO  org.apache.coyote.http11.Http11NioProtocol:log [DirectJDKLog.java:173] - Initializing ProtocolHandler ["http-nio-8090"]
2019-05-31 16:49:05 [main] INFO  org.apache.catalina.core.StandardService:log [DirectJDKLog.java:173] - Starting service [Tomcat]
2019-05-31 16:49:05 [main] INFO  org.apache.catalina.core.StandardEngine:log [DirectJDKLog.java:173] - Starting Servlet engine: [Apache Tomcat/9.0.19]
2019-05-31 16:49:05 [main] INFO  org.apache.catalina.core.ContainerBase.[Tomcat].[localhost].[/]:log [DirectJDKLog.java:173] - Initializing Spring embedded WebApplicationContext
2019-05-31 16:49:05 [main] INFO  org.springframework.web.context.ContextLoader:prepareWebApplicationContext [ServletWebServerApplicationContext.java:296] - Root WebApplicationContext: initialization completed in 1015 ms
2019-05-31 16:49:05 [main] INFO  com.zaxxer.hikari.HikariDataSource:getConnection [HikariDataSource.java:110] - HikariPool-1 - Starting...
2019-05-31 16:49:05 [main] INFO  com.zaxxer.hikari.HikariDataSource:getConnection [HikariDataSource.java:123] - HikariPool-1 - Start completed.
2019-05-31 16:49:06 [main] INFO  org.springframework.scheduling.concurrent.ThreadPoolTaskExecutor:initialize [ExecutorConfigurationSupport.java:171] - Initializing ExecutorService 'applicationTaskExecutor'
2019-05-31 16:49:06 [main] INFO  org.springframework.security.web.DefaultSecurityFilterChain:<init> [DefaultSecurityFilterChain.java:43] - Creating filter chain: any request, [org.springframework.security.web.context.request.async.WebAsyncManagerIntegrationFilter@356341c9, org.springframework.security.web.context.SecurityContextPersistenceFilter@7b598d05, org.springframework.security.web.header.HeaderWriterFilter@6e7e0259, org.springframework.security.web.csrf.CsrfFilter@789dd6bf, org.springframework.security.web.authentication.logout.LogoutFilter@1242d96b, org.springframework.security.web.authentication.UsernamePasswordAuthenticationFilter@5a90fcaa, org.springframework.security.web.authentication.ui.DefaultLoginPageGeneratingFilter@5560b64d, org.springframework.security.web.authentication.ui.DefaultLogoutPageGeneratingFilter@3a70575, org.springframework.security.web.authentication.www.BasicAuthenticationFilter@47797401, org.springframework.security.web.savedrequest.RequestCacheAwareFilter@371cd2fc, org.springframework.security.web.servletapi.SecurityContextHolderAwareRequestFilter@2c0dca15, org.springframework.security.web.authentication.AnonymousAuthenticationFilter@5d96d434, org.springframework.security.web.session.SessionManagementFilter@5501d1c8, org.springframework.security.web.access.ExceptionTranslationFilter@4d2f9e3c, org.springframework.security.web.access.intercept.FilterSecurityInterceptor@1488a861]
2019-05-31 16:49:06 [main] INFO  org.apache.coyote.http11.Http11NioProtocol:log [DirectJDKLog.java:173] - Starting ProtocolHandler ["http-nio-8090"]
2019-05-31 16:49:06 [main] INFO  org.springframework.boot.web.embedded.tomcat.TomcatWebServer:start [TomcatWebServer.java:204] - Tomcat started on port(s): 8090 (http) with context path ''
2019-05-31 16:49:06 [main] INFO  cn.leafw.admin.web.LeafwAdminApplication:logStarted [StartupInfoLogger.java:59] - Started LeafwAdminApplication in 2.992 seconds (JVM running for 3.496)
2019-05-31 16:49:33 [Thread-9] INFO  org.springframework.scheduling.concurrent.ThreadPoolTaskExecutor:shutdown [ExecutorConfigurationSupport.java:208] - Shutting down ExecutorService 'applicationTaskExecutor'
2019-05-31 16:49:34 [Thread-9] INFO  com.zaxxer.hikari.HikariDataSource:close [HikariDataSource.java:350] - HikariPool-1 - Shutdown initiated...
2019-05-31 16:49:34 [Thread-9] INFO  com.zaxxer.hikari.HikariDataSource:close [HikariDataSource.java:352] - HikariPool-1 - Shutdown completed.
2019-05-31 16:49:35 [main] INFO  cn.leafw.admin.web.LeafwAdminApplication:logStarting [StartupInfoLogger.java:50] - Starting LeafwAdminApplication on CareyWYRdeMacBook-Pro.local with PID 85024 (/Users/carey/Documents/workspace/learning/leafw-admin/web/target/classes started by carey in /Users/carey/Documents/workspace/learning/leafw-admin)
2019-05-31 16:49:35 [main] INFO  cn.leafw.admin.web.LeafwAdminApplication:logStartupProfileInfo [SpringApplication.java:675] - No active profile set, falling back to default profiles: default
2019-05-31 16:49:36 [main] INFO  org.springframework.data.repository.config.RepositoryConfigurationDelegate:multipleStoresDetected [RepositoryConfigurationDelegate.java:244] - Multiple Spring Data modules found, entering strict repository configuration mode!
2019-05-31 16:49:36 [main] INFO  org.springframework.data.repository.config.RepositoryConfigurationDelegate:registerRepositoriesIn [RepositoryConfigurationDelegate.java:126] - Bootstrapping Spring Data repositories in DEFAULT mode.
2019-05-31 16:49:36 [main] INFO  org.springframework.data.repository.config.RepositoryConfigurationDelegate:registerRepositoriesIn [RepositoryConfigurationDelegate.java:182] - Finished Spring Data repository scanning in 11ms. Found 0 repository interfaces.
2019-05-31 16:49:36 [main] INFO  org.springframework.context.support.PostProcessorRegistrationDelegate$BeanPostProcessorChecker:postProcessAfterInitialization [PostProcessorRegistrationDelegate.java:330] - Bean 'org.springframework.transaction.annotation.ProxyTransactionManagementConfiguration' of type [org.springframework.transaction.annotation.ProxyTransactionManagementConfiguration$$EnhancerBySpringCGLIB$$6325271] is not eligible for getting processed by all BeanPostProcessors (for example: not eligible for auto-proxying)
2019-05-31 16:49:36 [main] INFO  org.springframework.boot.web.embedded.tomcat.TomcatWebServer:initialize [TomcatWebServer.java:90] - Tomcat initialized with port(s): 8090 (http)
2019-05-31 16:49:36 [main] INFO  org.apache.coyote.http11.Http11NioProtocol:log [DirectJDKLog.java:173] - Initializing ProtocolHandler ["http-nio-8090"]
2019-05-31 16:49:36 [main] INFO  org.apache.catalina.core.StandardService:log [DirectJDKLog.java:173] - Starting service [Tomcat]
2019-05-31 16:49:36 [main] INFO  org.apache.catalina.core.StandardEngine:log [DirectJDKLog.java:173] - Starting Servlet engine: [Apache Tomcat/9.0.19]
2019-05-31 16:49:36 [main] INFO  org.apache.catalina.core.ContainerBase.[Tomcat].[localhost].[/]:log [DirectJDKLog.java:173] - Initializing Spring embedded WebApplicationContext
2019-05-31 16:49:36 [main] INFO  org.springframework.web.context.ContextLoader:prepareWebApplicationContext [ServletWebServerApplicationContext.java:296] - Root WebApplicationContext: initialization completed in 1011 ms
2019-05-31 16:49:37 [main] INFO  com.zaxxer.hikari.HikariDataSource:getConnection [HikariDataSource.java:110] - HikariPool-1 - Starting...
2019-05-31 16:49:37 [main] INFO  com.zaxxer.hikari.HikariDataSource:getConnection [HikariDataSource.java:123] - HikariPool-1 - Start completed.
2019-05-31 16:49:37 [main] INFO  org.springframework.scheduling.concurrent.ThreadPoolTaskExecutor:initialize [ExecutorConfigurationSupport.java:171] - Initializing ExecutorService 'applicationTaskExecutor'
2019-05-31 16:49:38 [main] INFO  org.springframework.security.web.DefaultSecurityFilterChain:<init> [DefaultSecurityFilterChain.java:43] - Creating filter chain: any request, [org.springframework.security.web.context.request.async.WebAsyncManagerIntegrationFilter@28ce75ec, org.springframework.security.web.context.SecurityContextPersistenceFilter@2b5f8e61, org.springframework.security.web.header.HeaderWriterFilter@34cf0e80, org.springframework.security.web.csrf.CsrfFilter@280484c7, org.springframework.security.web.authentication.logout.LogoutFilter@52285a5f, org.springframework.security.web.authentication.UsernamePasswordAuthenticationFilter@c4cceb, org.springframework.security.web.authentication.ui.DefaultLoginPageGeneratingFilter@1179fc8c, org.springframework.security.web.authentication.ui.DefaultLogoutPageGeneratingFilter@778113f2, org.springframework.security.web.authentication.www.BasicAuthenticationFilter@118fbaf0, org.springframework.security.web.savedrequest.RequestCacheAwareFilter@73b0ed03, org.springframework.security.web.servletapi.SecurityContextHolderAwareRequestFilter@3f3c5ecd, org.springframework.security.web.authentication.AnonymousAuthenticationFilter@9dc782d, org.springframework.security.web.session.SessionManagementFilter@56f9de3b, org.springframework.security.web.access.ExceptionTranslationFilter@4ae49387, org.springframework.security.web.access.intercept.FilterSecurityInterceptor@4bf8b77]
2019-05-31 16:49:38 [main] INFO  org.apache.coyote.http11.Http11NioProtocol:log [DirectJDKLog.java:173] - Starting ProtocolHandler ["http-nio-8090"]
2019-05-31 16:49:38 [main] INFO  org.springframework.boot.web.embedded.tomcat.TomcatWebServer:start [TomcatWebServer.java:204] - Tomcat started on port(s): 8090 (http) with context path ''
2019-05-31 16:49:38 [main] INFO  cn.leafw.admin.web.LeafwAdminApplication:logStarted [StartupInfoLogger.java:59] - Started LeafwAdminApplication in 3.025 seconds (JVM running for 3.506)
2019-05-31 16:49:42 [Thread-9] INFO  org.springframework.scheduling.concurrent.ThreadPoolTaskExecutor:shutdown [ExecutorConfigurationSupport.java:208] - Shutting down ExecutorService 'applicationTaskExecutor'
2019-05-31 16:49:42 [Thread-9] INFO  com.zaxxer.hikari.HikariDataSource:close [HikariDataSource.java:350] - HikariPool-1 - Shutdown initiated...
2019-05-31 16:49:42 [Thread-9] INFO  com.zaxxer.hikari.HikariDataSource:close [HikariDataSource.java:352] - HikariPool-1 - Shutdown completed.
